This is pdfTeX, Version 3.1415926-2.3-1.40.12 (TeX Live 2011) (format=pdflatex 2011.9.8)  3 DEC 2015 22:15
entering extended mode
 restricted \write18 enabled.
 %&-line parsing enabled.
**Recommender_System.tex
(./Recommender_System.tex
LaTeX2e <2011/06/27>
Babel <v3.8m> and hyphenation patterns for english, dumylang, nohyphenation, ge
rman-x-2011-07-01, ngerman-x-2011-07-01, afrikaans, ancientgreek, ibycus, arabi
c, armenian, basque, bulgarian, catalan, pinyin, coptic, croatian, czech, danis
h, dutch, ukenglish, usenglishmax, esperanto, estonian, ethiopic, farsi, finnis
h, french, galician, german, ngerman, swissgerman, monogreek, greek, hungarian,
 icelandic, assamese, bengali, gujarati, hindi, kannada, malayalam, marathi, or
iya, panjabi, tamil, telugu, indonesian, interlingua, irish, italian, kurmanji,
 lao, latin, latvian, lithuanian, mongolian, mongolianlmc, bokmal, nynorsk, pol
ish, portuguese, romanian, russian, sanskrit, serbian, serbianc, slovak, sloven
ian, spanish, swedish, turkish, turkmen, ukrainian, uppersorbian, welsh, loaded
.

(/afs/cs.wisc.edu/s/texlive-2011/amd64_rhel5/texmf-dist/tex/latex/base/article.
cls
Document Class: article 2007/10/19 v1.4h Standard LaTeX document class

(/afs/cs.wisc.edu/s/texlive-2011/amd64_rhel5/texmf-dist/tex/latex/base/size10.c
lo
File: size10.clo 2007/10/19 v1.4h Standard LaTeX file (size option)
)
\c@part=\count79
\c@section=\count80
\c@subsection=\count81
\c@subsubsection=\count82
\c@paragraph=\count83
\c@subparagraph=\count84
\c@figure=\count85
\c@table=\count86
\abovecaptionskip=\skip41
\belowcaptionskip=\skip42
\bibindent=\dimen102
)
(/afs/cs.wisc.edu/s/texlive-2011/amd64_rhel5/texmf-dist/tex/latex/base/inputenc
.sty
Package: inputenc 2008/03/30 v1.1d Input encoding file
\inpenc@prehook=\toks14
\inpenc@posthook=\toks15
)
(/afs/cs.wisc.edu/s/texlive-2011/amd64_rhel5/texmf-dist/tex/latex/amsmath/amsma
th.sty
Package: amsmath 2000/07/18 v2.13 AMS math features
\@mathmargin=\skip43

For additional information on amsmath, use the `?' option.

(/afs/cs.wisc.edu/s/texlive-2011/amd64_rhel5/texmf-dist/tex/latex/amsmath/amste
xt.sty
Package: amstext 2000/06/29 v2.01

(/afs/cs.wisc.edu/s/texlive-2011/amd64_rhel5/texmf-dist/tex/latex/amsmath/amsge
n.sty
File: amsgen.sty 1999/11/30 v2.0
\@emptytoks=\toks16
\ex@=\dimen103
))
(/afs/cs.wisc.edu/s/texlive-2011/amd64_rhel5/texmf-dist/tex/latex/amsmath/amsbs
y.sty
Package: amsbsy 1999/11/29 v1.2d
\pmbraise@=\dimen104
)
(/afs/cs.wisc.edu/s/texlive-2011/amd64_rhel5/texmf-dist/tex/latex/amsmath/amsop
n.sty
Package: amsopn 1999/12/14 v2.01 operator names
)
\inf@bad=\count87
LaTeX Info: Redefining \frac on input line 211.
\uproot@=\count88
\leftroot@=\count89
LaTeX Info: Redefining \overline on input line 307.
\classnum@=\count90
\DOTSCASE@=\count91
LaTeX Info: Redefining \ldots on input line 379.
LaTeX Info: Redefining \dots on input line 382.
LaTeX Info: Redefining \cdots on input line 467.
\Mathstrutbox@=\box26
\strutbox@=\box27
\big@size=\dimen105
LaTeX Font Info:    Redeclaring font encoding OML on input line 567.
LaTeX Font Info:    Redeclaring font encoding OMS on input line 568.
\macc@depth=\count92
\c@MaxMatrixCols=\count93
\dotsspace@=\muskip10
\c@parentequation=\count94
\dspbrk@lvl=\count95
\tag@help=\toks17
\row@=\count96
\column@=\count97
\maxfields@=\count98
\andhelp@=\toks18
\eqnshift@=\dimen106
\alignsep@=\dimen107
\tagshift@=\dimen108
\tagwidth@=\dimen109
\totwidth@=\dimen110
\lineht@=\dimen111
\@envbody=\toks19
\multlinegap=\skip44
\multlinetaggap=\skip45
\mathdisplay@stack=\toks20
LaTeX Info: Redefining \[ on input line 2666.
LaTeX Info: Redefining \] on input line 2667.
)
(/afs/cs.wisc.edu/s/texlive-2011/amd64_rhel5/texmf-dist/tex/latex/amsfonts/amss
ymb.sty
Package: amssymb 2009/06/22 v3.00

(/afs/cs.wisc.edu/s/texlive-2011/amd64_rhel5/texmf-dist/tex/latex/amsfonts/amsf
onts.sty
Package: amsfonts 2009/06/22 v3.00 Basic AMSFonts support
\symAMSa=\mathgroup4
\symAMSb=\mathgroup5
LaTeX Font Info:    Overwriting math alphabet `\mathfrak' in version `bold'
(Font)                  U/euf/m/n --> U/euf/b/n on input line 96.
))
(/afs/cs.wisc.edu/s/texlive-2011/amd64_rhel5/texmf-dist/tex/latex/upquote/upquo
te.sty
Package: upquote 2003/08/11 v1.1 Covington's upright-quote modification to verb
atim and verb

(/afs/cs.wisc.edu/s/texlive-2011/amd64_rhel5/texmf-dist/tex/latex/base/textcomp
.sty
Package: textcomp 2005/09/27 v1.99g Standard LaTeX package
Package textcomp Info: Sub-encoding information:
(textcomp)               5 = only ISO-Adobe without \textcurrency
(textcomp)               4 = 5 + \texteuro
(textcomp)               3 = 4 + \textohm
(textcomp)               2 = 3 + \textestimated + \textcurrency
(textcomp)               1 = TS1 - \textcircled - \t
(textcomp)               0 = TS1 (full)
(textcomp)             Font families with sub-encoding setting implement
(textcomp)             only a restricted character set as indicated.
(textcomp)             Family '?' is the default used for unknown fonts.
(textcomp)             See the documentation for details.
Package textcomp Info: Setting ? sub-encoding to TS1/1 on input line 71.

(/afs/cs.wisc.edu/s/texlive-2011/amd64_rhel5/texmf-dist/tex/latex/base/ts1enc.d
ef
File: ts1enc.def 2001/06/05 v3.0e (jk/car/fm) Standard LaTeX file
)
LaTeX Info: Redefining \oldstylenums on input line 266.
Package textcomp Info: Setting cmr sub-encoding to TS1/0 on input line 281.
Package textcomp Info: Setting cmss sub-encoding to TS1/0 on input line 282.
Package textcomp Info: Setting cmtt sub-encoding to TS1/0 on input line 283.
Package textcomp Info: Setting cmvtt sub-encoding to TS1/0 on input line 284.
Package textcomp Info: Setting cmbr sub-encoding to TS1/0 on input line 285.
Package textcomp Info: Setting cmtl sub-encoding to TS1/0 on input line 286.
Package textcomp Info: Setting ccr sub-encoding to TS1/0 on input line 287.
Package textcomp Info: Setting ptm sub-encoding to TS1/4 on input line 288.
Package textcomp Info: Setting pcr sub-encoding to TS1/4 on input line 289.
Package textcomp Info: Setting phv sub-encoding to TS1/4 on input line 290.
Package textcomp Info: Setting ppl sub-encoding to TS1/3 on input line 291.
Package textcomp Info: Setting pag sub-encoding to TS1/4 on input line 292.
Package textcomp Info: Setting pbk sub-encoding to TS1/4 on input line 293.
Package textcomp Info: Setting pnc sub-encoding to TS1/4 on input line 294.
Package textcomp Info: Setting pzc sub-encoding to TS1/4 on input line 295.
Package textcomp Info: Setting bch sub-encoding to TS1/4 on input line 296.
Package textcomp Info: Setting put sub-encoding to TS1/5 on input line 297.
Package textcomp Info: Setting uag sub-encoding to TS1/5 on input line 298.
Package textcomp Info: Setting ugq sub-encoding to TS1/5 on input line 299.
Package textcomp Info: Setting ul8 sub-encoding to TS1/4 on input line 300.
Package textcomp Info: Setting ul9 sub-encoding to TS1/4 on input line 301.
Package textcomp Info: Setting augie sub-encoding to TS1/5 on input line 302.
Package textcomp Info: Setting dayrom sub-encoding to TS1/3 on input line 303.
Package textcomp Info: Setting dayroms sub-encoding to TS1/3 on input line 304.

Package textcomp Info: Setting pxr sub-encoding to TS1/0 on input line 305.
Package textcomp Info: Setting pxss sub-encoding to TS1/0 on input line 306.
Package textcomp Info: Setting pxtt sub-encoding to TS1/0 on input line 307.
Package textcomp Info: Setting txr sub-encoding to TS1/0 on input line 308.
Package textcomp Info: Setting txss sub-encoding to TS1/0 on input line 309.
Package textcomp Info: Setting txtt sub-encoding to TS1/0 on input line 310.
Package textcomp Info: Setting lmr sub-encoding to TS1/0 on input line 311.
Package textcomp Info: Setting lmdh sub-encoding to TS1/0 on input line 312.
Package textcomp Info: Setting lmss sub-encoding to TS1/0 on input line 313.
Package textcomp Info: Setting lmssq sub-encoding to TS1/0 on input line 314.
Package textcomp Info: Setting lmvtt sub-encoding to TS1/0 on input line 315.
Package textcomp Info: Setting qhv sub-encoding to TS1/0 on input line 316.
Package textcomp Info: Setting qag sub-encoding to TS1/0 on input line 317.
Package textcomp Info: Setting qbk sub-encoding to TS1/0 on input line 318.
Package textcomp Info: Setting qcr sub-encoding to TS1/0 on input line 319.
Package textcomp Info: Setting qcs sub-encoding to TS1/0 on input line 320.
Package textcomp Info: Setting qpl sub-encoding to TS1/0 on input line 321.
Package textcomp Info: Setting qtm sub-encoding to TS1/0 on input line 322.
Package textcomp Info: Setting qzc sub-encoding to TS1/0 on input line 323.
Package textcomp Info: Setting qhvc sub-encoding to TS1/0 on input line 324.
Package textcomp Info: Setting futs sub-encoding to TS1/4 on input line 325.
Package textcomp Info: Setting futx sub-encoding to TS1/4 on input line 326.
Package textcomp Info: Setting futj sub-encoding to TS1/4 on input line 327.
Package textcomp Info: Setting hlh sub-encoding to TS1/3 on input line 328.
Package textcomp Info: Setting hls sub-encoding to TS1/3 on input line 329.
Package textcomp Info: Setting hlst sub-encoding to TS1/3 on input line 330.
Package textcomp Info: Setting hlct sub-encoding to TS1/5 on input line 331.
Package textcomp Info: Setting hlx sub-encoding to TS1/5 on input line 332.
Package textcomp Info: Setting hlce sub-encoding to TS1/5 on input line 333.
Package textcomp Info: Setting hlcn sub-encoding to TS1/5 on input line 334.
Package textcomp Info: Setting hlcw sub-encoding to TS1/5 on input line 335.
Package textcomp Info: Setting hlcf sub-encoding to TS1/5 on input line 336.
Package textcomp Info: Setting pplx sub-encoding to TS1/3 on input line 337.
Package textcomp Info: Setting pplj sub-encoding to TS1/3 on input line 338.
Package textcomp Info: Setting ptmx sub-encoding to TS1/4 on input line 339.
Package textcomp Info: Setting ptmj sub-encoding to TS1/4 on input line 340.
))
(/afs/cs.wisc.edu/s/texlive-2011/amd64_rhel5/texmf-dist/tex/latex/graphics/grap
hicx.sty
Package: graphicx 1999/02/16 v1.0f Enhanced LaTeX Graphics (DPC,SPQR)

(/afs/cs.wisc.edu/s/texlive-2011/amd64_rhel5/texmf-dist/tex/latex/graphics/keyv
al.sty
Package: keyval 1999/03/16 v1.13 key=value parser (DPC)
\KV@toks@=\toks21
)
(/afs/cs.wisc.edu/s/texlive-2011/amd64_rhel5/texmf-dist/tex/latex/graphics/grap
hics.sty
Package: graphics 2009/02/05 v1.0o Standard LaTeX Graphics (DPC,SPQR)

(/afs/cs.wisc.edu/s/texlive-2011/amd64_rhel5/texmf-dist/tex/latex/graphics/trig
.sty
Package: trig 1999/03/16 v1.09 sin cos tan (DPC)
)
(/afs/cs.wisc.edu/s/texlive-2011/amd64_rhel5/texmf-dist/tex/latex/latexconfig/g
raphics.cfg
File: graphics.cfg 2010/04/23 v1.9 graphics configuration of TeX Live
)
Package graphics Info: Driver file: pdftex.def on input line 91.

(/afs/cs.wisc.edu/s/texlive-2011/amd64_rhel5/texmf-dist/tex/latex/pdftex-def/pd
ftex.def
File: pdftex.def 2011/05/27 v0.06d Graphics/color for pdfTeX

(/afs/cs.wisc.edu/s/texlive-2011/amd64_rhel5/texmf-dist/tex/generic/oberdiek/in
fwarerr.sty
Package: infwarerr 2010/04/08 v1.3 Providing info/warning/message (HO)
)
(/afs/cs.wisc.edu/s/texlive-2011/amd64_rhel5/texmf-dist/tex/generic/oberdiek/lt
xcmds.sty
Package: ltxcmds 2011/04/18 v1.20 LaTeX kernel commands for general use (HO)
)
\Gread@gobject=\count99
))
\Gin@req@height=\dimen112
\Gin@req@width=\dimen113
)
(/afs/cs.wisc.edu/s/texlive-2011/amd64_rhel5/texmf-dist/tex/latex/geometry/geom
etry.sty
Package: geometry 2010/09/12 v5.6 Page Geometry

(/afs/cs.wisc.edu/s/texlive-2011/amd64_rhel5/texmf-dist/tex/generic/oberdiek/if
pdf.sty
Package: ifpdf 2011/01/30 v2.3 Provides the ifpdf switch (HO)
Package ifpdf Info: pdfTeX in PDF mode is detected.
)
(/afs/cs.wisc.edu/s/texlive-2011/amd64_rhel5/texmf-dist/tex/generic/oberdiek/if
vtex.sty
Package: ifvtex 2010/03/01 v1.5 Switches for detecting VTeX and its modes (HO)
Package ifvtex Info: VTeX not detected.
)
(/afs/cs.wisc.edu/s/texlive-2011/amd64_rhel5/texmf-dist/tex/generic/ifxetex/ifx
etex.sty
Package: ifxetex 2010/09/12 v0.6 Provides ifxetex conditional
)
\Gm@cnth=\count100
\Gm@cntv=\count101
\c@Gm@tempcnt=\count102
\Gm@bindingoffset=\dimen114
\Gm@wd@mp=\dimen115
\Gm@odd@mp=\dimen116
\Gm@even@mp=\dimen117
\Gm@layoutwidth=\dimen118
\Gm@layoutheight=\dimen119
\Gm@layouthoffset=\dimen120
\Gm@layoutvoffset=\dimen121
\Gm@dimlist=\toks22
)
(/afs/cs.wisc.edu/s/texlive-2011/amd64_rhel5/texmf-dist/tex/latex/caption/capti
on.sty
Package: caption 2012/02/19 v3.2f Customizing captions (AR)

(/afs/cs.wisc.edu/s/texlive-2011/amd64_rhel5/texmf-dist/tex/latex/caption/capti
on3.sty
Package: caption3 2012/01/12 v1.4b caption3 kernel (AR)
\captionmargin=\dimen122
\captionmargin@=\dimen123
\captionwidth=\dimen124
\caption@indent=\dimen125
\caption@parindent=\dimen126
\caption@hangindent=\dimen127
)
\c@ContinuedFloat=\count103
)
(/afs/cs.wisc.edu/s/texlive-2011/amd64_rhel5/texmf-dist/tex/latex/tools/tabular
x.sty
Package: tabularx 1999/01/07 v2.07 `tabularx' package (DPC)

(/afs/cs.wisc.edu/s/texlive-2011/amd64_rhel5/texmf-dist/tex/latex/tools/array.s
ty
Package: array 2008/09/09 v2.4c Tabular extension package (FMi)
\col@sep=\dimen128
\extrarowheight=\dimen129
\NC@list=\toks23
\extratabsurround=\skip46
\backup@length=\skip47
)
\TX@col@width=\dimen130
\TX@old@table=\dimen131
\TX@old@col=\dimen132
\TX@target=\dimen133
\TX@delta=\dimen134
\TX@cols=\count104
\TX@ftn=\toks24
)
(/afs/cs.wisc.edu/s/texlive-2011/amd64_rhel5/texmf-dist/tex/latex/multirow/mult
irow.sty
\bigstrutjot=\dimen135
)
(/afs/cs.wisc.edu/s/texlive-2011/amd64_rhel5/texmf-dist/tex/latex/base/fixltx2e
.sty
Package: fixltx2e 2006/09/13 v1.1m fixes to LaTeX
LaTeX Info: Redefining \em on input line 420.
LaTeX Info: The control sequence `\[' is already robust on input line 471.
LaTeX Info: The control sequence `\]' is already robust on input line 472.
)
(/afs/cs.wisc.edu/s/texlive-2011/amd64_rhel5/texmf-dist/tex/latex/parskip/parsk
ip.sty
Package: parskip 2001/04/09 non-zero parskip adjustments
)
(/afs/cs.wisc.edu/s/texlive-2011/amd64_rhel5/texmf-dist/tex/latex/mh/mathtools.
sty
Package: mathtools 2011/04/06 v1.11 mathematical typesetting tools

(/afs/cs.wisc.edu/s/texlive-2011/amd64_rhel5/texmf-dist/tex/latex/tools/calc.st
y
Package: calc 2007/08/22 v4.3 Infix arithmetic (KKT,FJ)
\calc@Acount=\count105
\calc@Bcount=\count106
\calc@Adimen=\dimen136
\calc@Bdimen=\dimen137
\calc@Askip=\skip48
\calc@Bskip=\skip49
LaTeX Info: Redefining \setlength on input line 76.
LaTeX Info: Redefining \addtolength on input line 77.
\calc@Ccount=\count107
\calc@Cskip=\skip50
)
(/afs/cs.wisc.edu/s/texlive-2011/amd64_rhel5/texmf-dist/tex/latex/mh/mhsetup.st
y
Package: mhsetup 2010/01/21 v1.2a programming setup (MH)
)
\g_MT_multlinerow_int=\count108
\l_MT_multwidth_dim=\dimen138
\origjot=\skip51
\l_MT_shortvdotswithinadjustabove_dim=\dimen139
\l_MT_shortvdotswithinadjustbelow_dim=\dimen140
)
(/afs/cs.wisc.edu/s/texlive-2011/amd64_rhel5/texmf-dist/tex/latex/listings/list
ings.sty
\lst@mode=\count109
\lst@gtempboxa=\box28
\lst@token=\toks25
\lst@length=\count110
\lst@currlwidth=\dimen141
\lst@column=\count111
\lst@pos=\count112
\lst@lostspace=\dimen142
\lst@width=\dimen143
\lst@newlines=\count113
\lst@lineno=\count114
\lst@maxwidth=\dimen144

(/afs/cs.wisc.edu/s/texlive-2011/amd64_rhel5/texmf-dist/tex/latex/listings/lstm
isc.sty
File: lstmisc.sty 2007/02/22 1.4 (Carsten Heinz)
\c@lstnumber=\count115
\lst@skipnumbers=\count116
\lst@framebox=\box29
)
(/afs/cs.wisc.edu/s/texlive-2011/amd64_rhel5/texmf-dist/tex/latex/listings/list
ings.cfg
File: listings.cfg 2007/02/22 1.4 listings configuration
))
Package: listings 2007/02/22 1.4 (Carsten Heinz)

(/afs/cs.wisc.edu/s/texlive-2011/amd64_rhel5/texmf-dist/tex/latex/graphics/colo
r.sty
Package: color 2005/11/14 v1.0j Standard LaTeX Color (DPC)

(/afs/cs.wisc.edu/s/texlive-2011/amd64_rhel5/texmf-dist/tex/latex/latexconfig/c
olor.cfg
File: color.cfg 2007/01/18 v1.5 color configuration of teTeX/TeXLive
)
Package color Info: Driver file: pdftex.def on input line 130.
)
(/afs/cs.wisc.edu/s/texlive-2011/amd64_rhel5/texmf-dist/tex/latex/listings/lstl
ang1.sty
File: lstlang1.sty 2004/09/05 1.3 listings language file
)
(/afs/cs.wisc.edu/s/texlive-2011/amd64_rhel5/texmf-dist/tex/latex/titlesec/titl
esec.sty
Package: titlesec 2011/08/28 v2.9.1 Sectioning titles
\ttl@box=\box30
\beforetitleunit=\skip52
\aftertitleunit=\skip53
\ttl@plus=\dimen145
\ttl@minus=\dimen146
\ttl@toksa=\toks26
\titlewidth=\dimen147
\titlewidthlast=\dimen148
\titlewidthfirst=\dimen149
) (./Recommender_System.aux (./merge_mehreen.aux) (./merge_lokesh.aux)
(./merge_urmish.aux))
\openout1 = `Recommender_System.aux'.

LaTeX Font Info:    Checking defaults for OML/cmm/m/it on input line 44.
LaTeX Font Info:    ... okay on input line 44.
LaTeX Font Info:    Checking defaults for T1/cmr/m/n on input line 44.
LaTeX Font Info:    ... okay on input line 44.
LaTeX Font Info:    Checking defaults for OT1/cmr/m/n on input line 44.
LaTeX Font Info:    ... okay on input line 44.
LaTeX Font Info:    Checking defaults for OMS/cmsy/m/n on input line 44.
LaTeX Font Info:    ... okay on input line 44.
LaTeX Font Info:    Checking defaults for OMX/cmex/m/n on input line 44.
LaTeX Font Info:    ... okay on input line 44.
LaTeX Font Info:    Checking defaults for U/cmr/m/n on input line 44.
LaTeX Font Info:    ... okay on input line 44.
LaTeX Font Info:    Checking defaults for TS1/cmr/m/n on input line 44.
LaTeX Font Info:    Try loading font information for TS1+cmr on input line 44.

(/afs/cs.wisc.edu/s/texlive-2011/amd64_rhel5/texmf-dist/tex/latex/base/ts1cmr.f
d
File: ts1cmr.fd 1999/05/25 v2.5h Standard LaTeX font definitions
)
LaTeX Font Info:    ... okay on input line 44.

(/afs/cs.wisc.edu/s/texlive-2011/amd64_rhel5/texmf-dist/tex/context/base/supp-p
df.mkii
[Loading MPS to PDF converter (version 2006.09.02).]
\scratchcounter=\count117
\scratchdimen=\dimen150
\scratchbox=\box31
\nofMPsegments=\count118
\nofMParguments=\count119
\everyMPshowfont=\toks27
\MPscratchCnt=\count120
\MPscratchDim=\dimen151
\MPnumerator=\count121
\makeMPintoPDFobject=\count122
\everyMPtoPDFconversion=\toks28
)
(/afs/cs.wisc.edu/s/texlive-2011/amd64_rhel5/texmf-dist/tex/generic/oberdiek/pd
ftexcmds.sty
Package: pdftexcmds 2011/04/22 v0.16 Utilities of pdfTeX for LuaTeX (HO)

(/afs/cs.wisc.edu/s/texlive-2011/amd64_rhel5/texmf-dist/tex/generic/oberdiek/if
luatex.sty
Package: ifluatex 2010/03/01 v1.3 Provides the ifluatex switch (HO)
Package ifluatex Info: LuaTeX not detected.
)
Package pdftexcmds Info: LuaTeX not detected.
Package pdftexcmds Info: \pdf@primitive is available.
Package pdftexcmds Info: \pdf@ifprimitive is available.
Package pdftexcmds Info: \pdfdraftmode found.
)
(/afs/cs.wisc.edu/s/texlive-2011/amd64_rhel5/texmf-dist/tex/latex/oberdiek/epst
opdf-base.sty
Package: epstopdf-base 2010/02/09 v2.5 Base part for package epstopdf

(/afs/cs.wisc.edu/s/texlive-2011/amd64_rhel5/texmf-dist/tex/latex/oberdiek/grfe
xt.sty
Package: grfext 2010/08/19 v1.1 Managing graphics extensions (HO)

(/afs/cs.wisc.edu/s/texlive-2011/amd64_rhel5/texmf-dist/tex/generic/oberdiek/kv
definekeys.sty
Package: kvdefinekeys 2011/04/07 v1.3 Defining keys (HO)
))
(/afs/cs.wisc.edu/s/texlive-2011/amd64_rhel5/texmf-dist/tex/latex/oberdiek/kvop
tions.sty
Package: kvoptions 2010/12/23 v3.10 Keyval support for LaTeX options (HO)

(/afs/cs.wisc.edu/s/texlive-2011/amd64_rhel5/texmf-dist/tex/generic/oberdiek/kv
setkeys.sty
Package: kvsetkeys 2011/04/07 v1.13 Key value parser (HO)

(/afs/cs.wisc.edu/s/texlive-2011/amd64_rhel5/texmf-dist/tex/generic/oberdiek/et
excmds.sty
Package: etexcmds 2011/02/16 v1.5 Prefix for e-TeX command names (HO)
Package etexcmds Info: Could not find \expanded.
(etexcmds)             That can mean that you are not using pdfTeX 1.50 or
(etexcmds)             that some package has redefined \expanded.
(etexcmds)             In the latter case, load this package earlier.
)))
Package grfext Info: Graphics extension search list:
(grfext)             [.png,.pdf,.jpg,.mps,.jpeg,.jbig2,.jb2,.PNG,.PDF,.JPG,.JPE
G,.JBIG2,.JB2,.eps]
(grfext)             \AppendGraphicsExtensions on input line 452.

(/afs/cs.wisc.edu/s/texlive-2011/amd64_rhel5/texmf-dist/tex/latex/latexconfig/e
pstopdf-sys.cfg
File: epstopdf-sys.cfg 2010/07/13 v1.3 Configuration of (r)epstopdf for TeX Liv
e
))
*geometry* driver: auto-detecting
*geometry* detected driver: pdftex
*geometry* verbose mode - [ preamble ] result:
* driver: pdftex
* paper: <default>
* layout: <same size as paper>
* layoutoffset:(h,v)=(0.0pt,0.0pt)
* modes: 
* h-part:(L,W,R)=(72.26999pt, 469.75502pt, 72.26999pt)
* v-part:(T,H,B)=(72.26999pt, 650.43001pt, 72.26999pt)
* \paperwidth=614.295pt
* \paperheight=794.96999pt
* \textwidth=469.75502pt
* \textheight=650.43001pt
* \oddsidemargin=0.0pt
* \evensidemargin=0.0pt
* \topmargin=-37.0pt
* \headheight=12.0pt
* \headsep=25.0pt
* \topskip=10.0pt
* \footskip=30.0pt
* \marginparwidth=65.0pt
* \marginparsep=11.0pt
* \columnsep=10.0pt
* \skip\footins=9.0pt plus 4.0pt minus 2.0pt
* \hoffset=0.0pt
* \voffset=0.0pt
* \mag=1000
* \@twocolumnfalse
* \@twosidefalse
* \@mparswitchfalse
* \@reversemarginfalse
* (1in=72.27pt=25.4mm, 1cm=28.453pt)

Package caption Info: Begin \AtBeginDocument code.
Package caption Info: listings package is loaded.
Package caption Info: End \AtBeginDocument code.
\c@lstlisting=\count123
LaTeX Font Info:    Try loading font information for U+msa on input line 48.

(/afs/cs.wisc.edu/s/texlive-2011/amd64_rhel5/texmf-dist/tex/latex/amsfonts/umsa
.fd
File: umsa.fd 2009/06/22 v3.00 AMS symbols A
)
LaTeX Font Info:    Try loading font information for U+msb on input line 48.

(/afs/cs.wisc.edu/s/texlive-2011/amd64_rhel5/texmf-dist/tex/latex/amsfonts/umsb
.fd
File: umsb.fd 2009/06/22 v3.00 AMS symbols B
) (./Recommender_System.toc)
\tf@toc=\write3
\openout3 = `Recommender_System.toc'.

 [1

{/afs/cs.wisc.edu/s/texlive-2011/amd64_rhel5/texmf-var/fonts/map/pdftex/updmap/
pdftex.map}]
\openout2 = `merge_mehreen.aux'.

 (./merge_mehreen.tex
Missing character: There is no â in font cmr10!
Missing character: There is no € in font cmr10!
Missing character: There is no “ in font cmr10!
Missing character: There is no â in font cmr10!
Missing character: There is no € in font cmr10!
Missing character: There is no “ in font cmr10!
) [2

]
\openout2 = `merge_lokesh.aux'.


(./merge_lokesh.tex [3


] [4]

LaTeX Warning: Reference `example_ratings2' on page 5 undefined on input line 1
56.

[5] [6]) [7]
\openout2 = `merge_urmish.aux'.

 (./merge_urmish.tex

LaTeX Warning: No positions in optional float specifier.
               Default added (so using `tbp') on input line 21.


Underfull \hbox (badness 10000) in paragraph at lines 20--39

 []

[8


] [9]
Missing character: There is no â in font cmr10!
Missing character: There is no € in font cmr10!
Missing character: There is no ™ in font cmr10!
 [10]
Missing character: There is no â in font cmr10!
Missing character: There is no € in font cmr10!
Missing character: There is no ™ in font cmr10!
 [11] [12] [13]
Missing character: There is no â in font cmr10!
Missing character: There is no € in font cmr10!
Missing character: There is no ™ in font cmr10!
Missing character: There is no â in font cmr10!
Missing character: There is no € in font cmr10!
Missing character: There is no ™ in font cmr10!
 [14]) [15] (./Recommender_System.aux
(./merge_mehreen.aux) (./merge_lokesh.aux) (./merge_urmish.aux))

LaTeX Warning: There were undefined references.

 ) 
Here is how much of TeX's memory you used:
 6584 strings out of 493629
 100193 string characters out of 3134964
 214764 words of memory out of 3000000
 9747 multiletter control sequences out of 15000+200000
 14495 words of font info for 55 fonts, out of 3000000 for 9000
 831 hyphenation exceptions out of 8191
 38i,10n,40p,1109b,1535s stack positions out of 5000i,500n,10000p,200000b,50000s
{/afs/cs.wisc.edu/s/texlive-2011/amd64_rhel5/texmf-dist/fonts/enc/dvips/cm-su
per/cm-super-ts1.enc}</afs/cs.wisc.edu/s/texlive-2011/amd64_rhel5/texmf-dist/fo
nts/type1/public/amsfonts/cm/cmbx10.pfb></afs/cs.wisc.edu/s/texlive-2011/amd64_
rhel5/texmf-dist/fonts/type1/public/amsfonts/cm/cmbx12.pfb></afs/cs.wisc.edu/s/
texlive-2011/amd64_rhel5/texmf-dist/fonts/type1/public/amsfonts/cm/cmbx7.pfb></
afs/cs.wisc.edu/s/texlive-2011/amd64_rhel5/texmf-dist/fonts/type1/public/amsfon
ts/cm/cmbxti10.pfb></afs/cs.wisc.edu/s/texlive-2011/amd64_rhel5/texmf-dist/font
s/type1/public/amsfonts/cm/cmex10.pfb></afs/cs.wisc.edu/s/texlive-2011/amd64_rh
el5/texmf-dist/fonts/type1/public/amsfonts/cm/cmmi10.pfb></afs/cs.wisc.edu/s/te
xlive-2011/amd64_rhel5/texmf-dist/fonts/type1/public/amsfonts/cm/cmmi5.pfb></af
s/cs.wisc.edu/s/texlive-2011/amd64_rhel5/texmf-dist/fonts/type1/public/amsfonts
/cm/cmmi7.pfb></afs/cs.wisc.edu/s/texlive-2011/amd64_rhel5/texmf-dist/fonts/typ
e1/public/amsfonts/cm/cmr10.pfb></afs/cs.wisc.edu/s/texlive-2011/amd64_rhel5/te
xmf-dist/fonts/type1/public/amsfonts/cm/cmr12.pfb></afs/cs.wisc.edu/s/texlive-2
011/amd64_rhel5/texmf-dist/fonts/type1/public/amsfonts/cm/cmr17.pfb></afs/cs.wi
sc.edu/s/texlive-2011/amd64_rhel5/texmf-dist/fonts/type1/public/amsfonts/cm/cmr
7.pfb></afs/cs.wisc.edu/s/texlive-2011/amd64_rhel5/texmf-dist/fonts/type1/publi
c/amsfonts/cm/cmsy10.pfb></afs/cs.wisc.edu/s/texlive-2011/amd64_rhel5/texmf-dis
t/fonts/type1/public/amsfonts/cm/cmsy7.pfb></afs/cs.wisc.edu/s/texlive-2011/amd
64_rhel5/texmf-dist/fonts/type1/public/amsfonts/cm/cmti10.pfb></afs/cs.wisc.edu
/s/texlive-2011/amd64_rhel5/texmf-dist/fonts/type1/public/amsfonts/cm/cmtt10.pf
b></afs/cs.wisc.edu/s/texlive-2011/amd64_rhel5/texmf-dist/fonts/type1/public/am
sfonts/cm/cmtt9.pfb></afs/cs.wisc.edu/s/texlive-2011/amd64_rhel5/texmf-dist/fon
ts/type1/public/cm-super/sfbx1000.pfb></afs/cs.wisc.edu/s/texlive-2011/amd64_rh
el5/texmf-dist/fonts/type1/public/cm-super/sfrm1000.pfb>
Output written on Recommender_System.pdf (15 pages, 275281 bytes).
PDF statistics:
 130 PDF objects out of 1000 (max. 8388607)
 93 compressed objects within 1 object stream
 0 named destinations out of 1000 (max. 500000)
 1 words of extra memory for PDF output out of 10000 (max. 10000000)

