This is pdfTeX, Version 3.1415926-2.3-1.40.12 (TeX Live 2011) (format=pdflatex 2011.9.8)  3 DEC 2015 21:20
entering extended mode
 restricted \write18 enabled.
 %&-line parsing enabled.
**Mehreen.tex
(./Mehreen.tex
LaTeX2e <2011/06/27>
Babel <v3.8m> and hyphenation patterns for english, dumylang, nohyphenation, ge
rman-x-2011-07-01, ngerman-x-2011-07-01, afrikaans, ancientgreek, ibycus, arabi
c, armenian, basque, bulgarian, catalan, pinyin, coptic, croatian, czech, danis
h, dutch, ukenglish, usenglishmax, esperanto, estonian, ethiopic, farsi, finnis
h, french, galician, german, ngerman, swissgerman, monogreek, greek, hungarian,
 icelandic, assamese, bengali, gujarati, hindi, kannada, malayalam, marathi, or
iya, panjabi, tamil, telugu, indonesian, interlingua, irish, italian, kurmanji,
 lao, latin, latvian, lithuanian, mongolian, mongolianlmc, bokmal, nynorsk, pol
ish, portuguese, romanian, russian, sanskrit, serbian, serbianc, slovak, sloven
ian, spanish, swedish, turkish, turkmen, ukrainian, uppersorbian, welsh, loaded
.

(/afs/cs.wisc.edu/s/texlive-2011/amd64_rhel5/texmf-dist/tex/latex/base/article.
cls
Document Class: article 2007/10/19 v1.4h Standard LaTeX document class

(/afs/cs.wisc.edu/s/texlive-2011/amd64_rhel5/texmf-dist/tex/latex/base/size10.c
lo
File: size10.clo 2007/10/19 v1.4h Standard LaTeX file (size option)
)
\c@part=\count79
\c@section=\count80
\c@subsection=\count81
\c@subsubsection=\count82
\c@paragraph=\count83
\c@subparagraph=\count84
\c@figure=\count85
\c@table=\count86
\abovecaptionskip=\skip41
\belowcaptionskip=\skip42
\bibindent=\dimen102
)
(/afs/cs.wisc.edu/s/texlive-2011/amd64_rhel5/texmf-dist/tex/latex/mh/mathtools.
sty
Package: mathtools 2011/04/06 v1.11 mathematical typesetting tools

(/afs/cs.wisc.edu/s/texlive-2011/amd64_rhel5/texmf-dist/tex/latex/graphics/keyv
al.sty
Package: keyval 1999/03/16 v1.13 key=value parser (DPC)
\KV@toks@=\toks14
)
(/afs/cs.wisc.edu/s/texlive-2011/amd64_rhel5/texmf-dist/tex/latex/tools/calc.st
y
Package: calc 2007/08/22 v4.3 Infix arithmetic (KKT,FJ)
\calc@Acount=\count87
\calc@Bcount=\count88
\calc@Adimen=\dimen103
\calc@Bdimen=\dimen104
\calc@Askip=\skip43
\calc@Bskip=\skip44
LaTeX Info: Redefining \setlength on input line 76.
LaTeX Info: Redefining \addtolength on input line 77.
\calc@Ccount=\count89
\calc@Cskip=\skip45
)
(/afs/cs.wisc.edu/s/texlive-2011/amd64_rhel5/texmf-dist/tex/latex/mh/mhsetup.st
y
Package: mhsetup 2010/01/21 v1.2a programming setup (MH)
)
(/afs/cs.wisc.edu/s/texlive-2011/amd64_rhel5/texmf-dist/tex/latex/amsmath/amsma
th.sty
Package: amsmath 2000/07/18 v2.13 AMS math features
\@mathmargin=\skip46

For additional information on amsmath, use the `?' option.

(/afs/cs.wisc.edu/s/texlive-2011/amd64_rhel5/texmf-dist/tex/latex/amsmath/amste
xt.sty
Package: amstext 2000/06/29 v2.01

(/afs/cs.wisc.edu/s/texlive-2011/amd64_rhel5/texmf-dist/tex/latex/amsmath/amsge
n.sty
File: amsgen.sty 1999/11/30 v2.0
\@emptytoks=\toks15
\ex@=\dimen105
))
(/afs/cs.wisc.edu/s/texlive-2011/amd64_rhel5/texmf-dist/tex/latex/amsmath/amsbs
y.sty
Package: amsbsy 1999/11/29 v1.2d
\pmbraise@=\dimen106
)
(/afs/cs.wisc.edu/s/texlive-2011/amd64_rhel5/texmf-dist/tex/latex/amsmath/amsop
n.sty
Package: amsopn 1999/12/14 v2.01 operator names
)
\inf@bad=\count90
LaTeX Info: Redefining \frac on input line 211.
\uproot@=\count91
\leftroot@=\count92
LaTeX Info: Redefining \overline on input line 307.
\classnum@=\count93
\DOTSCASE@=\count94
LaTeX Info: Redefining \ldots on input line 379.
LaTeX Info: Redefining \dots on input line 382.
LaTeX Info: Redefining \cdots on input line 467.
\Mathstrutbox@=\box26
\strutbox@=\box27
\big@size=\dimen107
LaTeX Font Info:    Redeclaring font encoding OML on input line 567.
LaTeX Font Info:    Redeclaring font encoding OMS on input line 568.
\macc@depth=\count95
\c@MaxMatrixCols=\count96
\dotsspace@=\muskip10
\c@parentequation=\count97
\dspbrk@lvl=\count98
\tag@help=\toks16
\row@=\count99
\column@=\count100
\maxfields@=\count101
\andhelp@=\toks17
\eqnshift@=\dimen108
\alignsep@=\dimen109
\tagshift@=\dimen110
\tagwidth@=\dimen111
\totwidth@=\dimen112
\lineht@=\dimen113
\@envbody=\toks18
\multlinegap=\skip47
\multlinetaggap=\skip48
\mathdisplay@stack=\toks19
LaTeX Info: Redefining \[ on input line 2666.
LaTeX Info: Redefining \] on input line 2667.
)
\g_MT_multlinerow_int=\count102
\l_MT_multwidth_dim=\dimen114
\origjot=\skip49
\l_MT_shortvdotswithinadjustabove_dim=\dimen115
\l_MT_shortvdotswithinadjustbelow_dim=\dimen116
)
(/afs/cs.wisc.edu/s/texlive-2011/amd64_rhel5/texmf-dist/tex/latex/listings/list
ings.sty
\lst@mode=\count103
\lst@gtempboxa=\box28
\lst@token=\toks20
\lst@length=\count104
\lst@currlwidth=\dimen117
\lst@column=\count105
\lst@pos=\count106
\lst@lostspace=\dimen118
\lst@width=\dimen119
\lst@newlines=\count107
\lst@lineno=\count108
\lst@maxwidth=\dimen120

(/afs/cs.wisc.edu/s/texlive-2011/amd64_rhel5/texmf-dist/tex/latex/listings/lstm
isc.sty
File: lstmisc.sty 2007/02/22 1.4 (Carsten Heinz)
\c@lstnumber=\count109
\lst@skipnumbers=\count110
\lst@framebox=\box29
)
(/afs/cs.wisc.edu/s/texlive-2011/amd64_rhel5/texmf-dist/tex/latex/listings/list
ings.cfg
File: listings.cfg 2007/02/22 1.4 listings configuration
))
Package: listings 2007/02/22 1.4 (Carsten Heinz)

(/afs/cs.wisc.edu/s/texlive-2011/amd64_rhel5/texmf-dist/tex/latex/graphics/colo
r.sty
Package: color 2005/11/14 v1.0j Standard LaTeX Color (DPC)

(/afs/cs.wisc.edu/s/texlive-2011/amd64_rhel5/texmf-dist/tex/latex/latexconfig/c
olor.cfg
File: color.cfg 2007/01/18 v1.5 color configuration of teTeX/TeXLive
)
Package color Info: Driver file: pdftex.def on input line 130.

(/afs/cs.wisc.edu/s/texlive-2011/amd64_rhel5/texmf-dist/tex/latex/pdftex-def/pd
ftex.def
File: pdftex.def 2011/05/27 v0.06d Graphics/color for pdfTeX

(/afs/cs.wisc.edu/s/texlive-2011/amd64_rhel5/texmf-dist/tex/generic/oberdiek/in
fwarerr.sty
Package: infwarerr 2010/04/08 v1.3 Providing info/warning/message (HO)
)
(/afs/cs.wisc.edu/s/texlive-2011/amd64_rhel5/texmf-dist/tex/generic/oberdiek/lt
xcmds.sty
Package: ltxcmds 2011/04/18 v1.20 LaTeX kernel commands for general use (HO)
)
\Gread@gobject=\count111
))
(/afs/cs.wisc.edu/s/texlive-2011/amd64_rhel5/texmf-dist/tex/latex/listings/lstl
ang1.sty
File: lstlang1.sty 2004/09/05 1.3 listings language file
)
No file Mehreen.aux.
\openout1 = `Mehreen.aux'.

LaTeX Font Info:    Checking defaults for OML/cmm/m/it on input line 44.
LaTeX Font Info:    ... okay on input line 44.
LaTeX Font Info:    Checking defaults for T1/cmr/m/n on input line 44.
LaTeX Font Info:    ... okay on input line 44.
LaTeX Font Info:    Checking defaults for OT1/cmr/m/n on input line 44.
LaTeX Font Info:    ... okay on input line 44.
LaTeX Font Info:    Checking defaults for OMS/cmsy/m/n on input line 44.
LaTeX Font Info:    ... okay on input line 44.
LaTeX Font Info:    Checking defaults for OMX/cmex/m/n on input line 44.
LaTeX Font Info:    ... okay on input line 44.
LaTeX Font Info:    Checking defaults for U/cmr/m/n on input line 44.
LaTeX Font Info:    ... okay on input line 44.

(/afs/cs.wisc.edu/s/texlive-2011/amd64_rhel5/texmf-dist/tex/latex/graphics/grap
hicx.sty
Package: graphicx 1999/02/16 v1.0f Enhanced LaTeX Graphics (DPC,SPQR)

(/afs/cs.wisc.edu/s/texlive-2011/amd64_rhel5/texmf-dist/tex/latex/graphics/grap
hics.sty
Package: graphics 2009/02/05 v1.0o Standard LaTeX Graphics (DPC,SPQR)

(/afs/cs.wisc.edu/s/texlive-2011/amd64_rhel5/texmf-dist/tex/latex/graphics/trig
.sty
Package: trig 1999/03/16 v1.09 sin cos tan (DPC)
)
(/afs/cs.wisc.edu/s/texlive-2011/amd64_rhel5/texmf-dist/tex/latex/latexconfig/g
raphics.cfg
File: graphics.cfg 2010/04/23 v1.9 graphics configuration of TeX Live
)
Package graphics Info: Driver file: pdftex.def on input line 91.
)
(/afs/cs.wisc.edu/s/texlive-2011/amd64_rhel5/texmf-dist/tex/generic/oberdiek/pd
ftexcmds.sty
Package: pdftexcmds 2011/04/22 v0.16 Utilities of pdfTeX for LuaTeX (HO)

(/afs/cs.wisc.edu/s/texlive-2011/amd64_rhel5/texmf-dist/tex/generic/oberdiek/if
luatex.sty
Package: ifluatex 2010/03/01 v1.3 Provides the ifluatex switch (HO)
Package ifluatex Info: LuaTeX not detected.
)
(/afs/cs.wisc.edu/s/texlive-2011/amd64_rhel5/texmf-dist/tex/generic/oberdiek/if
pdf.sty
Package: ifpdf 2011/01/30 v2.3 Provides the ifpdf switch (HO)
Package ifpdf Info: pdfTeX in PDF mode is detected.
)
Package pdftexcmds Info: LuaTeX not detected.
Package pdftexcmds Info: \pdf@primitive is available.
Package pdftexcmds Info: \pdf@ifprimitive is available.
Package pdftexcmds Info: \pdfdraftmode found.
)
(/afs/cs.wisc.edu/s/texlive-2011/amd64_rhel5/texmf-dist/tex/latex/oberdiek/epst
opdf-base.sty
Package: epstopdf-base 2010/02/09 v2.5 Base part for package epstopdf

(/afs/cs.wisc.edu/s/texlive-2011/amd64_rhel5/texmf-dist/tex/latex/oberdiek/grfe
xt.sty
Package: grfext 2010/08/19 v1.1 Managing graphics extensions (HO)

(/afs/cs.wisc.edu/s/texlive-2011/amd64_rhel5/texmf-dist/tex/generic/oberdiek/kv
definekeys.sty
Package: kvdefinekeys 2011/04/07 v1.3 Defining keys (HO)
))
(/afs/cs.wisc.edu/s/texlive-2011/amd64_rhel5/texmf-dist/tex/latex/oberdiek/kvop
tions.sty
Package: kvoptions 2010/12/23 v3.10 Keyval support for LaTeX options (HO)

(/afs/cs.wisc.edu/s/texlive-2011/amd64_rhel5/texmf-dist/tex/generic/oberdiek/kv
setkeys.sty
Package: kvsetkeys 2011/04/07 v1.13 Key value parser (HO)

(/afs/cs.wisc.edu/s/texlive-2011/amd64_rhel5/texmf-dist/tex/generic/oberdiek/et
excmds.sty
Package: etexcmds 2011/02/16 v1.5 Prefix for e-TeX command names (HO)
Package etexcmds Info: Could not find \expanded.
(etexcmds)             That can mean that you are not using pdfTeX 1.50 or
(etexcmds)             that some package has redefined \expanded.
(etexcmds)             In the latter case, load this package earlier.
)))
Package grfext Info: Graphics extension search list:
(grfext)             [.png,.pdf,.jpg,.mps,.jpeg,.jbig2,.jb2,.PNG,.PDF,.JPG,.JPE
G,.JBIG2,.JB2,.eps]
(grfext)             \AppendGraphicsExtensions on input line 452.

(/afs/cs.wisc.edu/s/texlive-2011/amd64_rhel5/texmf-dist/tex/latex/latexconfig/e
pstopdf-sys.cfg
File: epstopdf-sys.cfg 2010/07/13 v1.3 Configuration of (r)epstopdf for TeX Liv
e
))
\Gin@req@height=\dimen121
\Gin@req@width=\dimen122
)
\c@lstlisting=\count112

(/afs/cs.wisc.edu/s/texlive-2011/amd64_rhel5/texmf-dist/tex/context/base/supp-p
df.mkii
[Loading MPS to PDF converter (version 2006.09.02).]
\scratchcounter=\count113
\scratchdimen=\dimen123
\scratchbox=\box30
\nofMPsegments=\count114
\nofMParguments=\count115
\everyMPshowfont=\toks21
\MPscratchCnt=\count116
\MPscratchDim=\dimen124
\MPnumerator=\count117
\makeMPintoPDFobject=\count118
\everyMPtoPDFconversion=\toks22
) [1

{/afs/cs.wisc.edu/s/texlive-2011/amd64_rhel5/texmf-var/fonts/map/pdftex/updmap/
pdftex.map}]
Missing character: There is no â in font cmr10!
Missing character: There is no € in font cmr10!
Missing character: There is no “ in font cmr10!
Missing character: There is no â in font cmr10!
Missing character: There is no € in font cmr10!
Missing character: There is no “ in font cmr10!
 [1] [2]
Missing character: There is no â in font cmr10!
Missing character: There is no € in font cmr10!
Missing character: There is no ™ in font cmr10!
 [3]
Missing character: There is no â in font cmr10!
Missing character: There is no € in font cmr10!
Missing character: There is no ™ in font cmr10!
 [4] [5]
Missing character: There is no â in font cmr10!
Missing character: There is no € in font cmr10!
Missing character: There is no ™ in font cmr10!
Missing character: There is no â in font cmr10!
Missing character: There is no € in font cmr10!
Missing character: There is no ™ in font cmr10!
 [6]
LaTeX Font Info:    Try loading font information for OMS+cmr on input line 191.


(/afs/cs.wisc.edu/s/texlive-2011/amd64_rhel5/texmf-dist/tex/latex/base/omscmr.f
d
File: omscmr.fd 1999/05/25 v2.5h Standard LaTeX font definitions
)
LaTeX Font Info:    Font shape `OMS/cmr/m/n' in size <10> not available
(Font)              Font shape `OMS/cmsy/m/n' tried instead on input line 191.
 [7] [8] (./Mehreen.aux) ) 
Here is how much of TeX's memory you used:
 3915 strings out of 493629
 57426 string characters out of 3134964
 167132 words of memory out of 3000000
 7176 multiletter control sequences out of 15000+200000
 10108 words of font info for 37 fonts, out of 3000000 for 9000
 831 hyphenation exceptions out of 8191
 51i,9n,40p,1103b,1500s stack positions out of 5000i,500n,10000p,200000b,50000s
</afs/cs.wisc.edu/s/texlive-2011/amd64_rhel5/texmf-di
st/fonts/type1/public/amsfonts/cm/cmbx10.pfb></afs/cs.wisc.edu/s/texlive-2011/a
md64_rhel5/texmf-dist/fonts/type1/public/amsfonts/cm/cmbx12.pfb></afs/cs.wisc.e
du/s/texlive-2011/amd64_rhel5/texmf-dist/fonts/type1/public/amsfonts/cm/cmex10.
pfb></afs/cs.wisc.edu/s/texlive-2011/amd64_rhel5/texmf-dist/fonts/type1/public/
amsfonts/cm/cmmi10.pfb></afs/cs.wisc.edu/s/texlive-2011/amd64_rhel5/texmf-dist/
fonts/type1/public/amsfonts/cm/cmmi5.pfb></afs/cs.wisc.edu/s/texlive-2011/amd64
_rhel5/texmf-dist/fonts/type1/public/amsfonts/cm/cmmi7.pfb></afs/cs.wisc.edu/s/
texlive-2011/amd64_rhel5/texmf-dist/fonts/type1/public/amsfonts/cm/cmr10.pfb></
afs/cs.wisc.edu/s/texlive-2011/amd64_rhel5/texmf-dist/fonts/type1/public/amsfon
ts/cm/cmr12.pfb></afs/cs.wisc.edu/s/texlive-2011/amd64_rhel5/texmf-dist/fonts/t
ype1/public/amsfonts/cm/cmr17.pfb></afs/cs.wisc.edu/s/texlive-2011/amd64_rhel5/
texmf-dist/fonts/type1/public/amsfonts/cm/cmr7.pfb></afs/cs.wisc.edu/s/texlive-
2011/amd64_rhel5/texmf-dist/fonts/type1/public/amsfonts/cm/cmsy10.pfb></afs/cs.
wisc.edu/s/texlive-2011/amd64_rhel5/texmf-dist/fonts/type1/public/amsfonts/cm/c
msy7.pfb></afs/cs.wisc.edu/s/texlive-2011/amd64_rhel5/texmf-dist/fonts/type1/pu
blic/amsfonts/cm/cmtt9.pfb>
Output written on Mehreen.pdf (9 pages, 164306 bytes).
PDF statistics:
 86 PDF objects out of 1000 (max. 8388607)
 61 compressed objects within 1 object stream
 0 named destinations out of 1000 (max. 500000)
 1 words of extra memory for PDF output out of 10000 (max. 10000000)

